<?xml version="1.0" encoding="UTF-8"?>
<!-- Generated by org.testng.reporters.JUnitXMLReporter -->
<testsuite ignored="1" hostname="LAPTOP-AB8GIN71" failures="0" tests="15" name="Test" time="60.037" errors="0" timestamp="2025-05-05T07:59:37 EDT">
  <testcase classname="testScenarios.HandlingDynaData" name="dynData" time="6.087"/>
  <testcase classname="testScenarios.DP" name="login" time="0.003"/>
  <testcase classname="testScenarios.DP" name="login" time="0.001"/>
  <testcase classname="testScenarios.DP" name="login" time="0.001"/>
  <testcase classname="testScenarios.MouseOver" name="dragDrop" time="7.958"/>
  <testcase classname="testScenarios.MouseOver" name="reSize" time="7.874"/>
  <testcase classname="testScenarios.Rediff" name="openBrowser" time="3.299"/>
  <testcase classname="testScenarios.Rediff" name="loginRediff1" time="3.603"/>
  <testcase classname="testScenarios.Rediff" name="closeBrowser" time="1.301"/>
  <testcase classname="testScenarios.ReadFrmWebTable" name="ReadWebTable" time="4.746"/>
  <testcase classname="testScenarios.CompareWebTable" name="readFrmTxtFile" time="0.014"/>
  <testcase classname="testScenarios.CompareWebTable" name="readFrmWebTb" time="4.465"/>
  <testcase classname="testScenarios.CompareWebTable" name="compare" time="0.001"/>
  <testcase classname="testScenarios.ThruTextFile" name="readFrmTextFile" time="0.011"/>
  <testcase classname="testScenarios.SwitchingWindow" name="switchWin" time="20.596"/>
  <testcase classname="testScenarios.Rediff" name="loginRediff" time="0.0">
    <ignored/>
  </testcase> <!-- loginRediff -->
</testsuite> <!-- Test -->
