<?xml version="1.0" encoding="UTF-8"?>
<!-- Generated by org.testng.reporters.JUnitXMLReporter -->
<testsuite ignored="1" hostname="LAPTOP-AB8GIN71" failures="0" tests="15" name="Test" time="63.971" errors="0" timestamp="2025-05-13T07:55:57 EDT">
  <testcase classname="testScenarios.HandlingDynaData" name="dynData" time="6.454"/>
  <testcase classname="testScenarios.DP" name="login" time="0.002"/>
  <testcase classname="testScenarios.DP" name="login" time="0.0"/>
  <testcase classname="testScenarios.DP" name="login" time="0.001"/>
  <testcase classname="testScenarios.MouseOver" name="dragDrop" time="8.142"/>
  <testcase classname="testScenarios.MouseOver" name="reSize" time="7.893"/>
  <testcase classname="testScenarios.Rediff" name="openBrowser" time="21.157"/>
  <testcase classname="testScenarios.Rediff" name="loginRediff1" time="3.337"/>
  <testcase classname="testScenarios.Rediff" name="closeBrowser" time="1.318"/>
  <testcase classname="testScenarios.ReadFrmWebTable" name="ReadWebTable" time="4.975"/>
  <testcase classname="testScenarios.CompareWebTable" name="readFrmTxtFile" time="0.008"/>
  <testcase classname="testScenarios.CompareWebTable" name="readFrmWebTb" time="5.107"/>
  <testcase classname="testScenarios.CompareWebTable" name="compare" time="0.002"/>
  <testcase classname="testScenarios.ThruTextFile" name="readFrmTextFile" time="0.009"/>
  <testcase classname="testScenarios.SwitchingWindow" name="switchWin" time="5.493"/>
  <testcase classname="testScenarios.Rediff" name="loginRediff" time="0.0">
    <ignored/>
  </testcase> <!-- loginRediff -->
</testsuite> <!-- Test -->
