<?xml version="1.0" encoding="UTF-8"?>
<testsuite xmlns:xsi="http://www.w3.org/2001/XMLSchema-instance" xsi:noNamespaceSchemaLocation="https://maven.apache.org/surefire/maven-surefire-plugin/xsd/surefire-test-report.xsd" version="3.0.1" name="TestSuite" time="64.635" tests="15" errors="0" skipped="0" failures="0">
  <properties>
[...]
</properties>
  <testcase name="dynData" classname="testScenarios.HandlingDynaData" time="6.454">
    <system-out><![CDATA[What is 9 + 7
9	7
Result=16
What is 2 + 3
2	3
Result=5
What is 8 + 0
8	0
Result=8
What is 8 + 6
8	6
Result=14
What is 0 + 7
0	7
Result=7
]]></system-out>
    <system-err><![CDATA[SLF4J(W): No SLF4J providers were found.
SLF4J(W): Defaulting to no-operation (NOP) logger implementation
SLF4J(W): See https://www.slf4j.org/codes.html#noProviders for further details.
]]></system-err>
  </testcase>
  <testcase name="login[Jack, jack123](1)" classname="testScenarios.DP" time="0.003">
    <system-out><![CDATA[Jack	jack123
]]></system-out>
  </testcase>
  <testcase name="login[riya, riya123](2)" classname="testScenarios.DP" time="0.0">
    <system-out><![CDATA[riya	riya123
]]></system-out>
  </testcase>
  <testcase name="login[puja, puja123](3)" classname="testScenarios.DP" time="0.001">
    <system-out><![CDATA[puja	puja123
]]></system-out>
  </testcase>
  <testcase name="dragDrop" classname="testScenarios.MouseOver" time="8.14"/>
  <testcase name="reSize" classname="testScenarios.MouseOver" time="7.893"/>
  <testcase name="openBrowser" classname="testScenarios.Rediff" time="21.158">
    <system-out><![CDATA[Open Rediff
]]></system-out>
  </testcase>
  <testcase name="loginRediff1" classname="testScenarios.Rediff" time="3.336">
    <system-out><![CDATA[Login
Title:Rediff.com: News | Rediffmail | Stock Quotes | Rediff Gurus
Assert Executes
]]></system-out>
  </testcase>
  <testcase name="closeBrowser" classname="testScenarios.Rediff" time="1.319">
    <system-out><![CDATA[Close Rediff
]]></system-out>
  </testcase>
  <testcase name="ReadWebTable" classname="testScenarios.ReadFrmWebTable" time="4.975">
    <system-out><![CDATA[Total number of rows=7
Alfreds Futterkiste
Maria Anders
Germany
Centro comercial Moctezuma
Francisco Chang
Mexico
Ernst Handel
Roland Mendel
Austria
Island Trading
Helen Bennett
UK
Laughing Bacchus Winecellars
Yoshi Tannamuri
Canada
Magazzini Alimentari Riuniti
Giovanni Rovelli
Italy
]]></system-out>
  </testcase>
  <testcase name="readFrmTxtFile" classname="testScenarios.CompareWebTable" time="0.009">
    <system-out><![CDATA[Expected count=18
]]></system-out>
  </testcase>
  <testcase name="readFrmWebTb" classname="testScenarios.CompareWebTable" time="5.106">
    <system-out><![CDATA[Total number of rows=7
Actual data count=18
]]></system-out>
  </testcase>
  <testcase name="compare" classname="testScenarios.CompareWebTable" time="0.004">
    <system-out><![CDATA[Item Matched..
Item Matched..
Item Matched..
Item Matched..
Item Matched..
Item Matched..
Item Matched..
Item Matched..
Item Matched..
Item Matched..
Item Matched..
Item Matched..
Item Matched..
Item Matched..
Item Matched..
Item Matched..
Item Matched..
Item Matched..
]]></system-out>
  </testcase>
  <testcase name="readFrmTextFile" classname="testScenarios.ThruTextFile" time="0.009">
    <system-out><![CDATA[this is my first line
This is my second line
This is my third line
]]></system-out>
  </testcase>
  <testcase name="switchWin" classname="testScenarios.SwitchingWindow" time="5.494">
    <system-out><![CDATA[Number of windows=2
AD6F0027947D0D55AF647FB56065F469
8152B1CB89FEB0B3BE8A3863DC7F5EB1
Window Title:W3Schools Tryit Editor
Window2 Title:W3Schools Online Web Tutorials
true
Login Button Enabled..
]]></system-out>
  </testcase>
</testsuite>