<?xml version="1.0" encoding="UTF-8"?>
<testng-results ignored="1" total="16" passed="15" failed="0" skipped="0">
  <reporter-output>
  </reporter-output>
  <suite started-at="2025-05-13T07:54:53 EDT" name="Suite" finished-at="2025-05-13T07:55:57 EDT" duration-ms="63971">
    <groups>
    </groups>
    <test started-at="2025-05-13T07:54:53 EDT" name="Test" finished-at="2025-05-13T07:55:57 EDT" duration-ms="63971">
      <class name="testScenarios.Rediff">
        <test-method signature="openBrowser()[pri:1, instance:testScenarios.Rediff@6e20b53a]" started-at="2025-05-13T07:55:16 EDT" name="openBrowser" description="Lunch Rediff" finished-at="2025-05-13T07:55:37 EDT" duration-ms="21157" status="PASS">
          <reporter-output>
          </reporter-output>
        </test-method> <!-- openBrowser -->
        <test-method signature="loginRediff1()[pri:2, instance:testScenarios.Rediff@6e20b53a]" started-at="2025-05-13T07:55:37 EDT" name="loginRediff1" description="Login" finished-at="2025-05-13T07:55:40 EDT" duration-ms="3337" status="PASS">
          <reporter-output>
          </reporter-output>
        </test-method> <!-- loginRediff1 -->
        <test-method signature="closeBrowser()[pri:3, instance:testScenarios.Rediff@6e20b53a]" started-at="2025-05-13T07:55:40 EDT" name="closeBrowser" description="close browser" finished-at="2025-05-13T07:55:42 EDT" duration-ms="1318" status="PASS">
          <reporter-output>
          </reporter-output>
        </test-method> <!-- closeBrowser -->
      </class> <!-- testScenarios.Rediff -->
      <class name="testScenarios.MouseOver">
        <test-method signature="dragDrop()[pri:1, instance:testScenarios.MouseOver@8dbdac1]" started-at="2025-05-13T07:55:00 EDT" name="dragDrop" finished-at="2025-05-13T07:55:08 EDT" duration-ms="8142" status="PASS">
          <reporter-output>
          </reporter-output>
        </test-method> <!-- dragDrop -->
        <test-method signature="reSize()[pri:2, instance:testScenarios.MouseOver@8dbdac1]" started-at="2025-05-13T07:55:08 EDT" name="reSize" finished-at="2025-05-13T07:55:16 EDT" duration-ms="7893" status="PASS">
          <reporter-output>
          </reporter-output>
        </test-method> <!-- reSize -->
      </class> <!-- testScenarios.MouseOver -->
      <class name="testScenarios.DP">
        <test-method signature="login(java.lang.String,java.lang.String)[pri:0, instance:testScenarios.DP@32eff876]" started-at="2025-05-13T07:55:00 EDT" name="login" data-provider="data" finished-at="2025-05-13T07:55:00 EDT" duration-ms="2" status="PASS">
          <params>
            <param index="0">
              <value>
                <![CDATA[Jack]]>
              </value>
            </param>
            <param index="1">
              <value>
                <![CDATA[jack123]]>
              </value>
            </param>
          </params>
          <reporter-output>
          </reporter-output>
        </test-method> <!-- login -->
        <test-method signature="login(java.lang.String,java.lang.String)[pri:0, instance:testScenarios.DP@32eff876]" started-at="2025-05-13T07:55:00 EDT" name="login" data-provider="data" finished-at="2025-05-13T07:55:00 EDT" duration-ms="0" status="PASS">
          <params>
            <param index="0">
              <value>
                <![CDATA[riya]]>
              </value>
            </param>
            <param index="1">
              <value>
                <![CDATA[riya123]]>
              </value>
            </param>
          </params>
          <reporter-output>
          </reporter-output>
        </test-method> <!-- login -->
        <test-method signature="login(java.lang.String,java.lang.String)[pri:0, instance:testScenarios.DP@32eff876]" started-at="2025-05-13T07:55:00 EDT" name="login" data-provider="data" finished-at="2025-05-13T07:55:00 EDT" duration-ms="1" status="PASS">
          <params>
            <param index="0">
              <value>
                <![CDATA[puja]]>
              </value>
            </param>
            <param index="1">
              <value>
                <![CDATA[puja123]]>
              </value>
            </param>
          </params>
          <reporter-output>
          </reporter-output>
        </test-method> <!-- login -->
      </class> <!-- testScenarios.DP -->
      <class name="testScenarios.CompareWebTable">
        <test-method signature="readFrmTxtFile()[pri:1, instance:testScenarios.CompareWebTable@3ce1e309]" started-at="2025-05-13T07:55:47 EDT" name="readFrmTxtFile" finished-at="2025-05-13T07:55:47 EDT" duration-ms="8" status="PASS">
          <reporter-output>
          </reporter-output>
        </test-method> <!-- readFrmTxtFile -->
        <test-method signature="readFrmWebTb()[pri:2, instance:testScenarios.CompareWebTable@3ce1e309]" started-at="2025-05-13T07:55:47 EDT" name="readFrmWebTb" finished-at="2025-05-13T07:55:52 EDT" duration-ms="5107" status="PASS">
          <reporter-output>
          </reporter-output>
        </test-method> <!-- readFrmWebTb -->
        <test-method signature="compare()[pri:3, instance:testScenarios.CompareWebTable@3ce1e309]" started-at="2025-05-13T07:55:52 EDT" name="compare" finished-at="2025-05-13T07:55:52 EDT" duration-ms="2" status="PASS">
          <reporter-output>
          </reporter-output>
        </test-method> <!-- compare -->
      </class> <!-- testScenarios.CompareWebTable -->
      <class name="testScenarios.ReadFrmWebTable">
        <test-method signature="ReadWebTable()[pri:0, instance:testScenarios.ReadFrmWebTable@71809907]" started-at="2025-05-13T07:55:42 EDT" name="ReadWebTable" finished-at="2025-05-13T07:55:47 EDT" duration-ms="4975" status="PASS">
          <reporter-output>
          </reporter-output>
        </test-method> <!-- ReadWebTable -->
      </class> <!-- testScenarios.ReadFrmWebTable -->
      <class name="testScenarios.ThruTextFile">
        <test-method signature="readFrmTextFile()[pri:0, instance:testScenarios.ThruTextFile@6aba2b86]" started-at="2025-05-13T07:55:52 EDT" name="readFrmTextFile" finished-at="2025-05-13T07:55:52 EDT" duration-ms="9" status="PASS">
          <reporter-output>
          </reporter-output>
        </test-method> <!-- readFrmTextFile -->
      </class> <!-- testScenarios.ThruTextFile -->
      <class name="testScenarios.HandlingDynaData">
        <test-method signature="dynData()[pri:0, instance:testScenarios.HandlingDynaData@6c80d78a]" started-at="2025-05-13T07:54:53 EDT" name="dynData" finished-at="2025-05-13T07:55:00 EDT" duration-ms="6454" status="PASS">
          <reporter-output>
          </reporter-output>
        </test-method> <!-- dynData -->
      </class> <!-- testScenarios.HandlingDynaData -->
      <class name="testScenarios.SwitchingWindow">
        <test-method signature="switchWin()[pri:0, instance:testScenarios.SwitchingWindow@158da8e]" started-at="2025-05-13T07:55:52 EDT" name="switchWin" finished-at="2025-05-13T07:55:57 EDT" duration-ms="5493" status="PASS">
          <reporter-output>
          </reporter-output>
        </test-method> <!-- switchWin -->
      </class> <!-- testScenarios.SwitchingWindow -->
    </test> <!-- Test -->
  </suite> <!-- Suite -->
</testng-results>
