<?xml version="1.0" encoding="UTF-8"?>
<testng-results ignored="0" total="1" passed="1" failed="0" skipped="0">
  <reporter-output>
  </reporter-output>
  <suite started-at="2025-05-23T07:53:02 EDT" name="Default suite" finished-at="2025-05-23T07:53:12 EDT" duration-ms="9897">
    <groups>
    </groups>
    <test started-at="2025-05-23T07:53:02 EDT" name="Default test" finished-at="2025-05-23T07:53:12 EDT" duration-ms="9897">
      <class name="testScenarios.DatePicker">
        <test-method signature="pickdate()[pri:0, instance:testScenarios.DatePicker@48f2bd5b]" started-at="2025-05-23T07:53:02 EDT" name="pickdate" finished-at="2025-05-23T07:53:12 EDT" duration-ms="9855" status="PASS">
          <reporter-output>
          </reporter-output>
        </test-method> <!-- pickdate -->
      </class> <!-- testScenarios.DatePicker -->
    </test> <!-- Default test -->
  </suite> <!-- Default suite -->
</testng-results>
