<?xml version="1.0" encoding="UTF-8"?>
<testng-results ignored="1" total="16" passed="15" failed="0" skipped="0">
  <reporter-output>
  </reporter-output>
  <suite started-at="2025-05-05T07:58:37 EDT" name="Suite" finished-at="2025-05-05T07:59:37 EDT" duration-ms="60037">
    <groups>
    </groups>
    <test started-at="2025-05-05T07:58:37 EDT" name="Test" finished-at="2025-05-05T07:59:37 EDT" duration-ms="60037">
      <class name="testScenarios.Rediff">
        <test-method signature="openBrowser()[pri:1, instance:testScenarios.Rediff@3c46e67a]" started-at="2025-05-05T07:58:58 EDT" name="openBrowser" description="Lunch Rediff" finished-at="2025-05-05T07:59:02 EDT" duration-ms="3299" status="PASS">
          <reporter-output>
          </reporter-output>
        </test-method> <!-- openBrowser -->
        <test-method signature="loginRediff1()[pri:2, instance:testScenarios.Rediff@3c46e67a]" started-at="2025-05-05T07:59:02 EDT" name="loginRediff1" description="Login" finished-at="2025-05-05T07:59:05 EDT" duration-ms="3603" status="PASS">
          <reporter-output>
          </reporter-output>
        </test-method> <!-- loginRediff1 -->
        <test-method signature="closeBrowser()[pri:3, instance:testScenarios.Rediff@3c46e67a]" started-at="2025-05-05T07:59:05 EDT" name="closeBrowser" description="close browser" finished-at="2025-05-05T07:59:07 EDT" duration-ms="1301" status="PASS">
          <reporter-output>
          </reporter-output>
        </test-method> <!-- closeBrowser -->
      </class> <!-- testScenarios.Rediff -->
      <class name="testScenarios.MouseOver">
        <test-method signature="dragDrop()[pri:1, instance:testScenarios.MouseOver@6c6cb480]" started-at="2025-05-05T07:58:43 EDT" name="dragDrop" finished-at="2025-05-05T07:58:51 EDT" duration-ms="7958" status="PASS">
          <reporter-output>
          </reporter-output>
        </test-method> <!-- dragDrop -->
        <test-method signature="reSize()[pri:2, instance:testScenarios.MouseOver@6c6cb480]" started-at="2025-05-05T07:58:51 EDT" name="reSize" finished-at="2025-05-05T07:58:58 EDT" duration-ms="7874" status="PASS">
          <reporter-output>
          </reporter-output>
        </test-method> <!-- reSize -->
      </class> <!-- testScenarios.MouseOver -->
      <class name="testScenarios.DP">
        <test-method signature="login(java.lang.String,java.lang.String)[pri:0, instance:testScenarios.DP@408d971b]" started-at="2025-05-05T07:58:43 EDT" name="login" data-provider="data" finished-at="2025-05-05T07:58:43 EDT" duration-ms="3" status="PASS">
          <params>
            <param index="0">
              <value>
                <![CDATA[Jack]]>
              </value>
            </param>
            <param index="1">
              <value>
                <![CDATA[jack123]]>
              </value>
            </param>
          </params>
          <reporter-output>
          </reporter-output>
        </test-method> <!-- login -->
        <test-method signature="login(java.lang.String,java.lang.String)[pri:0, instance:testScenarios.DP@408d971b]" started-at="2025-05-05T07:58:43 EDT" name="login" data-provider="data" finished-at="2025-05-05T07:58:43 EDT" duration-ms="1" status="PASS">
          <params>
            <param index="0">
              <value>
                <![CDATA[riya]]>
              </value>
            </param>
            <param index="1">
              <value>
                <![CDATA[riya123]]>
              </value>
            </param>
          </params>
          <reporter-output>
          </reporter-output>
        </test-method> <!-- login -->
        <test-method signature="login(java.lang.String,java.lang.String)[pri:0, instance:testScenarios.DP@408d971b]" started-at="2025-05-05T07:58:43 EDT" name="login" data-provider="data" finished-at="2025-05-05T07:58:43 EDT" duration-ms="1" status="PASS">
          <params>
            <param index="0">
              <value>
                <![CDATA[puja]]>
              </value>
            </param>
            <param index="1">
              <value>
                <![CDATA[puja123]]>
              </value>
            </param>
          </params>
          <reporter-output>
          </reporter-output>
        </test-method> <!-- login -->
      </class> <!-- testScenarios.DP -->
      <class name="testScenarios.CompareWebTable">
        <test-method signature="readFrmTxtFile()[pri:1, instance:testScenarios.CompareWebTable@206a70ef]" started-at="2025-05-05T07:59:11 EDT" name="readFrmTxtFile" finished-at="2025-05-05T07:59:11 EDT" duration-ms="14" status="PASS">
          <reporter-output>
          </reporter-output>
        </test-method> <!-- readFrmTxtFile -->
        <test-method signature="readFrmWebTb()[pri:2, instance:testScenarios.CompareWebTable@206a70ef]" started-at="2025-05-05T07:59:11 EDT" name="readFrmWebTb" finished-at="2025-05-05T07:59:16 EDT" duration-ms="4465" status="PASS">
          <reporter-output>
          </reporter-output>
        </test-method> <!-- readFrmWebTb -->
        <test-method signature="compare()[pri:3, instance:testScenarios.CompareWebTable@206a70ef]" started-at="2025-05-05T07:59:16 EDT" name="compare" finished-at="2025-05-05T07:59:16 EDT" duration-ms="1" status="PASS">
          <reporter-output>
          </reporter-output>
        </test-method> <!-- compare -->
      </class> <!-- testScenarios.CompareWebTable -->
      <class name="testScenarios.ReadFrmWebTable">
        <test-method signature="ReadWebTable()[pri:0, instance:testScenarios.ReadFrmWebTable@c730b35]" started-at="2025-05-05T07:59:07 EDT" name="ReadWebTable" finished-at="2025-05-05T07:59:11 EDT" duration-ms="4746" status="PASS">
          <reporter-output>
          </reporter-output>
        </test-method> <!-- ReadWebTable -->
      </class> <!-- testScenarios.ReadFrmWebTable -->
      <class name="testScenarios.ThruTextFile">
        <test-method signature="readFrmTextFile()[pri:0, instance:testScenarios.ThruTextFile@292b08d6]" started-at="2025-05-05T07:59:16 EDT" name="readFrmTextFile" finished-at="2025-05-05T07:59:16 EDT" duration-ms="11" status="PASS">
          <reporter-output>
          </reporter-output>
        </test-method> <!-- readFrmTextFile -->
      </class> <!-- testScenarios.ThruTextFile -->
      <class name="testScenarios.HandlingDynaData">
        <test-method signature="dynData()[pri:0, instance:testScenarios.HandlingDynaData@175c2241]" started-at="2025-05-05T07:58:37 EDT" name="dynData" finished-at="2025-05-05T07:58:43 EDT" duration-ms="6087" status="PASS">
          <reporter-output>
          </reporter-output>
        </test-method> <!-- dynData -->
      </class> <!-- testScenarios.HandlingDynaData -->
      <class name="testScenarios.SwitchingWindow">
        <test-method signature="switchWin()[pri:0, instance:testScenarios.SwitchingWindow@22555ebf]" started-at="2025-05-05T07:59:16 EDT" name="switchWin" finished-at="2025-05-05T07:59:37 EDT" duration-ms="20596" status="PASS">
          <reporter-output>
          </reporter-output>
        </test-method> <!-- switchWin -->
      </class> <!-- testScenarios.SwitchingWindow -->
    </test> <!-- Test -->
  </suite> <!-- Suite -->
</testng-results>
